Picked up JAVA_TOOL_OPTIONS: -Dstdout.encoding=UTF-8 -Dstderr.encoding=UTF-8

  .   ____          _            __ _ _
 /\\ / ___'_ __ _ _(_)_ __  __ _ \ \ \ \
( ( )\___ | '_ | '_| | '_ \/ _` | \ \ \ \
 \\/  ___)| |_)| | | | | || (_| |  ) ) ) )
  '  |____| .__|_| |_|_| |_\__, | / / / /
 =========|_|==============|___/=/_/_/_/

 :: Spring Boot ::                (v3.3.5)

2025-12-05T12:30:42.524+07:00  INFO 21012 --- [UpNest Edu System] [           main] com.upnest.edu.EduApplication            : Starting EduApplication v0.0.1-SNAPSHOT using Java 25.0.1 with PID 21012 (N:\DACN\upnestedu\edu\target\edu-0.0.1-SNAPSHOT.jar started by Admin in n:\DACN\upnestedu\edu)
2025-12-05T12:30:42.529+07:00  INFO 21012 --- [UpNest Edu System] [           main] com.upnest.edu.EduApplication            : No active profile set, falling back to 1 default profile: "default"
2025-12-05T12:30:43.610+07:00  INFO 21012 --- [UpNest Edu System] [           main] .s.d.r.c.RepositoryConfigurationDelegate : Bootstrapping Spring Data JPA repositories in DEFAULT mode.
2025-12-05T12:30:43.701+07:00  INFO 21012 --- [UpNest Edu System] [           main] .s.d.r.c.RepositoryConfigurationDelegate : Finished Spring Data repository scanning in 72 ms. Found 3 JPA repository interfaces.
WARNING: A restricted method in java.lang.System has been called
WARNING: java.lang.System::load has been called by org.apache.tomcat.jni.Library in an unnamed module (jar:nested:/N:/DACN/upnestedu/edu/target/edu-0.0.1-SNAPSHOT.jar/!BOOT-INF/lib/tomcat-embed-core-10.1.31.jar!/)
WARNING: Use --enable-native-access=ALL-UNNAMED to avoid a warning for callers in this module
WARNING: Restricted methods will be blocked in a future release unless native access is enabled

2025-12-05T12:30:44.508+07:00  INFO 21012 --- [UpNest Edu System] [           main] o.s.b.w.embedded.tomcat.TomcatWebServer  : Tomcat initialized with port 8080 (http)
2025-12-05T12:30:44.528+07:00  INFO 21012 --- [UpNest Edu System] [           main] o.apache.catalina.core.StandardService   : Starting service [Tomcat]
2025-12-05T12:30:44.529+07:00  INFO 21012 --- [UpNest Edu System] [           main] o.apache.catalina.core.StandardEngine    : Starting Servlet engine: [Apache Tomcat/10.1.31]
2025-12-05T12:30:44.569+07:00  INFO 21012 --- [UpNest Edu System] [           main] o.a.c.c.C.[Tomcat].[localhost].[/]       : Initializing Spring embedded WebApplicationContext
2025-12-05T12:30:44.570+07:00  INFO 21012 --- [UpNest Edu System] [           main] w.s.c.ServletWebServerApplicationContext : Root WebApplicationContext: initialization completed in 1977 ms
2025-12-05T12:30:44.870+07:00  INFO 21012 --- [UpNest Edu System] [           main] o.hibernate.jpa.internal.util.LogHelper  : HHH000204: Processing PersistenceUnitInfo [name: default]
2025-12-05T12:30:44.952+07:00  INFO 21012 --- [UpNest Edu System] [           main] org.hibernate.Version                    : HHH000412: Hibernate ORM core version 6.5.3.Final
2025-12-05T12:30:44.998+07:00  INFO 21012 --- [UpNest Edu System] [           main] o.h.c.internal.RegionFactoryInitiator    : HHH000026: Second-level cache disabled
2025-12-05T12:30:45.475+07:00  INFO 21012 --- [UpNest Edu System] [           main] o.s.o.j.p.SpringPersistenceUnitInfo      : No LoadTimeWeaver setup: ignoring JPA class transformer
2025-12-05T12:30:45.531+07:00  INFO 21012 --- [UpNest Edu System] [           main] com.zaxxer.hikari.HikariDataSource       : HikariPool-1 - Starting...
2025-12-05T12:30:46.055+07:00  INFO 21012 --- [UpNest Edu System] [           main] com.zaxxer.hikari.pool.HikariPool        : HikariPool-1 - Added connection ConnectionID:1 ClientConnectionId: e7591bc8-20ca-4ce1-9fe5-85697bbb1a2b
2025-12-05T12:30:46.058+07:00  INFO 21012 --- [UpNest Edu System] [           main] com.zaxxer.hikari.HikariDataSource       : HikariPool-1 - Start completed.
2025-12-05T12:30:46.112+07:00  WARN 21012 --- [UpNest Edu System] [           main] org.hibernate.orm.deprecation            : HHH90000025: SQLServerDialect does not need to be specified explicitly using 'hibernate.dialect' (remove the property setting and it will be selected by default)
2025-12-05T12:30:47.613+07:00  INFO 21012 --- [UpNest Edu System] [           main] o.h.e.t.j.p.i.JtaPlatformInitiator       : HHH000489: No JTA platform available (set 'hibernate.transaction.jta.platform' to enable JTA platform integration)
Hibernate: 
    alter table lessons 
       alter column content TEXT
2025-12-05T12:30:48.083+07:00  INFO 21012 --- [UpNest Edu System] [           main] j.LocalContainerEntityManagerFactoryBean : Initialized JPA EntityManagerFactory for persistence unit 'default'
>>> AppKeepAlive: Bắt đầu giữ ứng dụng chạy...
>>> AppKeepAlive: Ứng dụng sẽ giữ chạy liên tục
2025-12-05T12:30:48.596+07:00  INFO 21012 --- [UpNest Edu System] [           main] eAuthenticationProviderManagerConfigurer : Global AuthenticationManager configured with AuthenticationProvider bean with name authenticationProvider
2025-12-05T12:30:48.597+07:00  WARN 21012 --- [UpNest Edu System] [           main] r$InitializeUserDetailsManagerConfigurer : Global AuthenticationManager configured with an AuthenticationProvider bean. UserDetailsService beans will not be used for username/password login. Consider removing the AuthenticationProvider bean. Alternatively, consider using the UserDetailsService in a manually instantiated DaoAuthenticationProvider.
2025-12-05T12:30:48.647+07:00  WARN 21012 --- [UpNest Edu System] [           main] JpaBaseConfiguration$JpaWebConfiguration : spring.jpa.open-in-view is enabled by default. Therefore, database queries may be performed during view rendering. Explicitly configure spring.jpa.open-in-view to disable this warning
2025-12-05T12:30:49.180+07:00  INFO 21012 --- [UpNest Edu System] [           main] o.s.b.w.embedded.tomcat.TomcatWebServer  : Tomcat started on port 8080 (http) with context path '/'
2025-12-05T12:30:49.196+07:00  INFO 21012 --- [UpNest Edu System] [           main] com.upnest.edu.EduApplication            : Started EduApplication in 7.157 seconds (process running for 7.673)
Hibernate: 
    select
        top (?) u1_0.id 
    from
        app_users u1_0 
    where
        u1_0.email=?
Hibernate: 
    select
        top (?) u1_0.id 
    from
        app_users u1_0 
    where
        u1_0.email=?
Hibernate: 
    select
        top (?) u1_0.id 
    from
        app_users u1_0 
    where
        u1_0.email=?
Hibernate: 
    select
        count_big(*) 
    from
        courses c1_0
>>> Bỏ qua tạo khóa học mẫu tạm thời (sẽ fix sau khi Lombok hoạt động)
