Picked up JAVA_TOOL_OPTIONS: -Dstdout.encoding=UTF-8 -Dstderr.encoding=UTF-8
WARNING: A terminally deprecated method in sun.misc.Unsafe has been called
WARNING: sun.misc.Unsafe::staticFieldBase has been called by com.google.inject.internal.aop.HiddenClassDefiner (file:/C:/Users/Admin/.m2/wrapper/dists/apache-maven-3.9.11/03d7e36a140982eea48e22c1dcac01d8862b2550b2939e09a0809bbc5182a5bc/lib/guice-5.1.0-classes.jar)
WARNING: Please consider reporting this to the maintainers of class com.google.inject.internal.aop.HiddenClassDefiner
WARNING: sun.misc.Unsafe::staticFieldBase will be removed in a future release
[INFO] Scanning for projects...
[INFO] 
[INFO] ---------------------------< com.upnest:edu >---------------------------
[INFO] Building UpNest Edu System 0.0.1-SNAPSHOT
[INFO]   from pom.xml
[INFO] --------------------------------[ jar ]---------------------------------
[INFO] 
[INFO] --- resources:3.3.1:resources (default-resources) @ edu ---
[INFO] Copying 1 resource from src\main\resources to target\classes
[INFO] Copying 0 resource from src\main\resources to target\classes
[INFO] 
[INFO] --- compiler:3.13.0:compile (default-compile) @ edu ---
[INFO] Recompiling the module because of changed source code.
[INFO] Compiling 331 source files with javac [debug parameters release 21] to target\classes
[WARNING] /n:/DACN/upnestedu/edu/src/main/java/com/upnest/edu/modules/social/entity/StoryHighlight.java:[51,24] @Builder will ignore the initializing expression entirely. If you want the initializing expression to serve as default, add @Builder.Default. If it is not supposed to be settable during building, make the field final.
[WARNING] /n:/DACN/upnestedu/edu/src/main/java/com/upnest/edu/modules/social/entity/StoryHighlight.java:[55,21] @Builder will ignore the initializing expression entirely. If you want the initializing expression to serve as default, add @Builder.Default. If it is not supposed to be settable during building, make the field final.
[WARNING] /n:/DACN/upnestedu/edu/src/main/java/com/upnest/edu/modules/qa/entity/QuestionComment.java:[57,27] @Builder will ignore the initializing expression entirely. If you want the initializing expression to serve as default, add @Builder.Default. If it is not supposed to be settable during building, make the field final.
[WARNING] /n:/DACN/upnestedu/edu/src/main/java/com/upnest/edu/modules/qa/entity/QuestionComment.java:[63,27] @Builder will ignore the initializing expression entirely. If you want the initializing expression to serve as default, add @Builder.Default. If it is not supposed to be settable during building, make the field final.
[WARNING] /n:/DACN/upnestedu/edu/src/main/java/com/upnest/edu/modules/social/entity/PrivacySettings.java:[52,21] @Builder will ignore the initializing expression entirely. If you want the initializing expression to serve as default, add @Builder.Default. If it is not supposed to be settable during building, make the field final.
[WARNING] /n:/DACN/upnestedu/edu/src/main/java/com/upnest/edu/modules/social/entity/PrivacySettings.java:[56,21] @Builder will ignore the initializing expression entirely. If you want the initializing expression to serve as default, add @Builder.Default. If it is not supposed to be settable during building, make the field final.
[WARNING] /n:/DACN/upnestedu/edu/src/main/java/com/upnest/edu/modules/auth/entity/User.java:[71,21] @Builder will ignore the initializing expression entirely. If you want the initializing expression to serve as default, add @Builder.Default. If it is not supposed to be settable during building, make the field final.
[WARNING] /n:/DACN/upnestedu/edu/src/main/java/com/upnest/edu/modules/video/entity/Video.java:[83,31] @Builder will ignore the initializing expression entirely. If you want the initializing expression to serve as default, add @Builder.Default. If it is not supposed to be settable during building, make the field final.
[WARNING] /n:/DACN/upnestedu/edu/src/main/java/com/upnest/edu/modules/qa/entity/AnswerComment.java:[57,27] @Builder will ignore the initializing expression entirely. If you want the initializing expression to serve as default, add @Builder.Default. If it is not supposed to be settable during building, make the field final.
[WARNING] /n:/DACN/upnestedu/edu/src/main/java/com/upnest/edu/modules/qa/entity/AnswerComment.java:[63,27] @Builder will ignore the initializing expression entirely. If you want the initializing expression to serve as default, add @Builder.Default. If it is not supposed to be settable during building, make the field final.
[WARNING] /n:/DACN/upnestedu/edu/src/main/java/com/upnest/edu/modules/group/entity/Group.java:[65,30] @Builder will ignore the initializing expression entirely. If you want the initializing expression to serve as default, add @Builder.Default. If it is not supposed to be settable during building, make the field final.
[WARNING] /n:/DACN/upnestedu/edu/src/main/java/com/upnest/edu/modules/group/entity/Group.java:[71,28] @Builder will ignore the initializing expression entirely. If you want the initializing expression to serve as default, add @Builder.Default. If it is not supposed to be settable during building, make the field final.
[WARNING] /n:/DACN/upnestedu/edu/src/main/java/com/upnest/edu/modules/social/entity/Story.java:[59,21] @Builder will ignore the initializing expression entirely. If you want the initializing expression to serve as default, add @Builder.Default. If it is not supposed to be settable during building, make the field final.
[WARNING] /n:/DACN/upnestedu/edu/src/main/java/com/upnest/edu/modules/social/entity/Story.java:[63,21] @Builder will ignore the initializing expression entirely. If you want the initializing expression to serve as default, add @Builder.Default. If it is not supposed to be settable during building, make the field final.
[WARNING] /n:/DACN/upnestedu/edu/src/main/java/com/upnest/edu/modules/social/entity/PostComment.java:[59,30] @Builder will ignore the initializing expression entirely. If you want the initializing expression to serve as default, add @Builder.Default. If it is not supposed to be settable during building, make the field final.
[WARNING] /n:/DACN/upnestedu/edu/src/main/java/com/upnest/edu/modules/social/entity/PostComment.java:[62,21] @Builder will ignore the initializing expression entirely. If you want the initializing expression to serve as default, add @Builder.Default. If it is not supposed to be settable during building, make the field final.
[WARNING] /n:/DACN/upnestedu/edu/src/main/java/com/upnest/edu/modules/social/entity/PostComment.java:[65,21] @Builder will ignore the initializing expression entirely. If you want the initializing expression to serve as default, add @Builder.Default. If it is not supposed to be settable during building, make the field final.
[WARNING] /n:/DACN/upnestedu/edu/src/main/java/com/upnest/edu/modules/social/entity/Notification.java:[72,19] @Builder will ignore the initializing expression entirely. If you want the initializing expression to serve as default, add @Builder.Default. If it is not supposed to be settable during building, make the field final.
[WARNING] /n:/DACN/upnestedu/edu/src/main/java/com/upnest/edu/modules/social/entity/Notification.java:[78,19] @Builder will ignore the initializing expression entirely. If you want the initializing expression to serve as default, add @Builder.Default. If it is not supposed to be settable during building, make the field final.
[WARNING] /n:/DACN/upnestedu/edu/src/main/java/com/upnest/edu/modules/qa/entity/Answer.java:[62,21] @Builder will ignore the initializing expression entirely. If you want the initializing expression to serve as default, add @Builder.Default. If it is not supposed to be settable during building, make the field final.
[WARNING] /n:/DACN/upnestedu/edu/src/main/java/com/upnest/edu/modules/qa/entity/Answer.java:[68,21] @Builder will ignore the initializing expression entirely. If you want the initializing expression to serve as default, add @Builder.Default. If it is not supposed to be settable during building, make the field final.
[WARNING] /n:/DACN/upnestedu/edu/src/main/java/com/upnest/edu/modules/qa/entity/Answer.java:[74,27] @Builder will ignore the initializing expression entirely. If you want the initializing expression to serve as default, add @Builder.Default. If it is not supposed to be settable during building, make the field final.
[WARNING] /n:/DACN/upnestedu/edu/src/main/java/com/upnest/edu/modules/qa/entity/Answer.java:[80,27] @Builder will ignore the initializing expression entirely. If you want the initializing expression to serve as default, add @Builder.Default. If it is not supposed to be settable during building, make the field final.
[WARNING] /n:/DACN/upnestedu/edu/src/main/java/com/upnest/edu/modules/qa/entity/Answer.java:[86,32] @Builder will ignore the initializing expression entirely. If you want the initializing expression to serve as default, add @Builder.Default. If it is not supposed to be settable during building, make the field final.
[WARNING] /n:/DACN/upnestedu/edu/src/main/java/com/upnest/edu/modules/qa/entity/Answer.java:[92,33] @Builder will ignore the initializing expression entirely. If you want the initializing expression to serve as default, add @Builder.Default. If it is not supposed to be settable during building, make the field final.
[WARNING] /n:/DACN/upnestedu/edu/src/main/java/com/upnest/edu/modules/qa/entity/AnswerReaction.java:[61,27] @Builder will ignore the initializing expression entirely. If you want the initializing expression to serve as default, add @Builder.Default. If it is not supposed to be settable during building, make the field final.
[WARNING] /n:/DACN/upnestedu/edu/src/main/java/com/upnest/edu/modules/chat/entity/Message.java:[71,34] @Builder will ignore the initializing expression entirely. If you want the initializing expression to serve as default, add @Builder.Default. If it is not supposed to be settable during building, make the field final.
[WARNING] /n:/DACN/upnestedu/edu/src/main/java/com/upnest/edu/modules/chat/entity/Message.java:[77,24] @Builder will ignore the initializing expression entirely. If you want the initializing expression to serve as default, add @Builder.Default. If it is not supposed to be settable during building, make the field final.
[WARNING] /n:/DACN/upnestedu/edu/src/main/java/com/upnest/edu/modules/chat/entity/Message.java:[81,21] @Builder will ignore the initializing expression entirely. If you want the initializing expression to serve as default, add @Builder.Default. If it is not supposed to be settable during building, make the field final.
[WARNING] /n:/DACN/upnestedu/edu/src/main/java/com/upnest/edu/modules/chat/entity/Message.java:[84,21] @Builder will ignore the initializing expression entirely. If you want the initializing expression to serve as default, add @Builder.Default. If it is not supposed to be settable during building, make the field final.
[WARNING] /n:/DACN/upnestedu/edu/src/main/java/com/upnest/edu/modules/chat/entity/Message.java:[87,21] @Builder will ignore the initializing expression entirely. If you want the initializing expression to serve as default, add @Builder.Default. If it is not supposed to be settable during building, make the field final.
[WARNING] /n:/DACN/upnestedu/edu/src/main/java/com/upnest/edu/modules/chat/entity/Message.java:[110,27] @Builder will ignore the initializing expression entirely. If you want the initializing expression to serve as default, add @Builder.Default. If it is not supposed to be settable during building, make the field final.
[WARNING] /n:/DACN/upnestedu/edu/src/main/java/com/upnest/edu/modules/social/entity/PostReport.java:[48,26] @Builder will ignore the initializing expression entirely. If you want the initializing expression to serve as default, add @Builder.Default. If it is not supposed to be settable during building, make the field final.
[WARNING] /n:/DACN/upnestedu/edu/src/main/java/com/upnest/edu/modules/social/payload/NotificationPayload.java:[121,17] @Builder will ignore the initializing expression entirely. If you want the initializing expression to serve as default, add @Builder.Default. If it is not supposed to be settable during building, make the field final.
[WARNING] /n:/DACN/upnestedu/edu/src/main/java/com/upnest/edu/modules/social/payload/NotificationPayload.java:[122,17] @Builder will ignore the initializing expression entirely. If you want the initializing expression to serve as default, add @Builder.Default. If it is not supposed to be settable during building, make the field final.
[WARNING] /n:/DACN/upnestedu/edu/src/main/java/com/upnest/edu/modules/social/payload/NotificationPayload.java:[255,21] @Builder will ignore the initializing expression entirely. If you want the initializing expression to serve as default, add @Builder.Default. If it is not supposed to be settable during building, make the field final.
[WARNING] /n:/DACN/upnestedu/edu/src/main/java/com/upnest/edu/modules/social/payload/NotificationPayload.java:[256,21] @Builder will ignore the initializing expression entirely. If you want the initializing expression to serve as default, add @Builder.Default. If it is not supposed to be settable during building, make the field final.
[WARNING] /n:/DACN/upnestedu/edu/src/main/java/com/upnest/edu/modules/social/payload/NotificationPayload.java:[257,21] @Builder will ignore the initializing expression entirely. If you want the initializing expression to serve as default, add @Builder.Default. If it is not supposed to be settable during building, make the field final.
[WARNING] /n:/DACN/upnestedu/edu/src/main/java/com/upnest/edu/modules/social/payload/NotificationPayload.java:[258,21] @Builder will ignore the initializing expression entirely. If you want the initializing expression to serve as default, add @Builder.Default. If it is not supposed to be settable during building, make the field final.
[WARNING] /n:/DACN/upnestedu/edu/src/main/java/com/upnest/edu/modules/social/payload/NotificationPayload.java:[259,21] @Builder will ignore the initializing expression entirely. If you want the initializing expression to serve as default, add @Builder.Default. If it is not supposed to be settable during building, make the field final.
[WARNING] /n:/DACN/upnestedu/edu/src/main/java/com/upnest/edu/modules/social/payload/NotificationPayload.java:[260,21] @Builder will ignore the initializing expression entirely. If you want the initializing expression to serve as default, add @Builder.Default. If it is not supposed to be settable during building, make the field final.
[WARNING] /n:/DACN/upnestedu/edu/src/main/java/com/upnest/edu/modules/chat/entity/CallRecord.java:[75,21] @Builder will ignore the initializing expression entirely. If you want the initializing expression to serve as default, add @Builder.Default. If it is not supposed to be settable during building, make the field final.
[WARNING] /n:/DACN/upnestedu/edu/src/main/java/com/upnest/edu/modules/chat/entity/ChatGroup.java:[41,21] @Builder will ignore the initializing expression entirely. If you want the initializing expression to serve as default, add @Builder.Default. If it is not supposed to be settable during building, make the field final.
[WARNING] /n:/DACN/upnestedu/edu/src/main/java/com/upnest/edu/modules/chat/entity/ChatGroup.java:[48,21] @Builder will ignore the initializing expression entirely. If you want the initializing expression to serve as default, add @Builder.Default. If it is not supposed to be settable during building, make the field final.
[WARNING] /n:/DACN/upnestedu/edu/src/main/java/com/upnest/edu/modules/chat/entity/ChatGroup.java:[53,30] @Builder will ignore the initializing expression entirely. If you want the initializing expression to serve as default, add @Builder.Default. If it is not supposed to be settable during building, make the field final.
[WARNING] /n:/DACN/upnestedu/edu/src/main/java/com/upnest/edu/modules/chat/entity/ChatGroup.java:[58,27] @Builder will ignore the initializing expression entirely. If you want the initializing expression to serve as default, add @Builder.Default. If it is not supposed to be settable during building, make the field final.
[WARNING] /n:/DACN/upnestedu/edu/src/main/java/com/upnest/edu/modules/chat/entity/ChatGroup.java:[62,21] @Builder will ignore the initializing expression entirely. If you want the initializing expression to serve as default, add @Builder.Default. If it is not supposed to be settable during building, make the field final.
[WARNING] /n:/DACN/upnestedu/edu/src/main/java/com/upnest/edu/modules/chat/entity/ChatGroup.java:[65,21] @Builder will ignore the initializing expression entirely. If you want the initializing expression to serve as default, add @Builder.Default. If it is not supposed to be settable during building, make the field final.
[WARNING] /n:/DACN/upnestedu/edu/src/main/java/com/upnest/edu/modules/chat/entity/ChatGroup.java:[68,21] @Builder will ignore the initializing expression entirely. If you want the initializing expression to serve as default, add @Builder.Default. If it is not supposed to be settable during building, make the field final.
[WARNING] /n:/DACN/upnestedu/edu/src/main/java/com/upnest/edu/modules/chat/entity/ChatGroup.java:[71,21] @Builder will ignore the initializing expression entirely. If you want the initializing expression to serve as default, add @Builder.Default. If it is not supposed to be settable during building, make the field final.
[WARNING] /n:/DACN/upnestedu/edu/src/main/java/com/upnest/edu/modules/qa/entity/QuestionReaction.java:[61,27] @Builder will ignore the initializing expression entirely. If you want the initializing expression to serve as default, add @Builder.Default. If it is not supposed to be settable during building, make the field final.
[WARNING] /n:/DACN/upnestedu/edu/src/main/java/com/upnest/edu/modules/user/entity/UserProfile.java:[119,27] @Builder will ignore the initializing expression entirely. If you want the initializing expression to serve as default, add @Builder.Default. If it is not supposed to be settable during building, make the field final.
[WARNING] /n:/DACN/upnestedu/edu/src/main/java/com/upnest/edu/modules/user/entity/UserProfile.java:[125,27] @Builder will ignore the initializing expression entirely. If you want the initializing expression to serve as default, add @Builder.Default. If it is not supposed to be settable during building, make the field final.
[WARNING] /n:/DACN/upnestedu/edu/src/main/java/com/upnest/edu/modules/qa/entity/Question.java:[74,28] @Builder will ignore the initializing expression entirely. If you want the initializing expression to serve as default, add @Builder.Default. If it is not supposed to be settable during building, make the field final.
[WARNING] /n:/DACN/upnestedu/edu/src/main/java/com/upnest/edu/modules/qa/entity/Question.java:[80,21] @Builder will ignore the initializing expression entirely. If you want the initializing expression to serve as default, add @Builder.Default. If it is not supposed to be settable during building, make the field final.
[WARNING] /n:/DACN/upnestedu/edu/src/main/java/com/upnest/edu/modules/qa/entity/Question.java:[86,21] @Builder will ignore the initializing expression entirely. If you want the initializing expression to serve as default, add @Builder.Default. If it is not supposed to be settable during building, make the field final.
[WARNING] /n:/DACN/upnestedu/edu/src/main/java/com/upnest/edu/modules/qa/entity/Question.java:[98,27] @Builder will ignore the initializing expression entirely. If you want the initializing expression to serve as default, add @Builder.Default. If it is not supposed to be settable during building, make the field final.
[WARNING] /n:/DACN/upnestedu/edu/src/main/java/com/upnest/edu/modules/qa/entity/Question.java:[104,27] @Builder will ignore the initializing expression entirely. If you want the initializing expression to serve as default, add @Builder.Default. If it is not supposed to be settable during building, make the field final.
[WARNING] /n:/DACN/upnestedu/edu/src/main/java/com/upnest/edu/modules/qa/entity/Question.java:[110,25] @Builder will ignore the initializing expression entirely. If you want the initializing expression to serve as default, add @Builder.Default. If it is not supposed to be settable during building, make the field final.
[WARNING] /n:/DACN/upnestedu/edu/src/main/java/com/upnest/edu/modules/qa/entity/Question.java:[116,34] @Builder will ignore the initializing expression entirely. If you want the initializing expression to serve as default, add @Builder.Default. If it is not supposed to be settable during building, make the field final.
[WARNING] /n:/DACN/upnestedu/edu/src/main/java/com/upnest/edu/modules/qa/entity/Question.java:[122,35] @Builder will ignore the initializing expression entirely. If you want the initializing expression to serve as default, add @Builder.Default. If it is not supposed to be settable during building, make the field final.
[WARNING] /n:/DACN/upnestedu/edu/src/main/java/com/upnest/edu/modules/social/entity/UserAvatar.java:[41,21] @Builder will ignore the initializing expression entirely. If you want the initializing expression to serve as default, add @Builder.Default. If it is not supposed to be settable during building, make the field final.
[WARNING] /n:/DACN/upnestedu/edu/src/main/java/com/upnest/edu/modules/social/entity/UserProfile.java:[70,21] @Builder will ignore the initializing expression entirely. If you want the initializing expression to serve as default, add @Builder.Default. If it is not supposed to be settable during building, make the field final.
[WARNING] /n:/DACN/upnestedu/edu/src/main/java/com/upnest/edu/modules/social/entity/UserProfile.java:[73,21] @Builder will ignore the initializing expression entirely. If you want the initializing expression to serve as default, add @Builder.Default. If it is not supposed to be settable during building, make the field final.
[WARNING] /n:/DACN/upnestedu/edu/src/main/java/com/upnest/edu/modules/social/entity/UserProfile.java:[76,21] @Builder will ignore the initializing expression entirely. If you want the initializing expression to serve as default, add @Builder.Default. If it is not supposed to be settable during building, make the field final.
[WARNING] /n:/DACN/upnestedu/edu/src/main/java/com/upnest/edu/modules/social/entity/UserProfile.java:[79,21] @Builder will ignore the initializing expression entirely. If you want the initializing expression to serve as default, add @Builder.Default. If it is not supposed to be settable during building, make the field final.
[WARNING] /n:/DACN/upnestedu/edu/src/main/java/com/upnest/edu/modules/social/entity/UserProfile.java:[83,21] @Builder will ignore the initializing expression entirely. If you want the initializing expression to serve as default, add @Builder.Default. If it is not supposed to be settable during building, make the field final.
[WARNING] /n:/DACN/upnestedu/edu/src/main/java/com/upnest/edu/modules/social/entity/UserProfile.java:[86,21] @Builder will ignore the initializing expression entirely. If you want the initializing expression to serve as default, add @Builder.Default. If it is not supposed to be settable during building, make the field final.
[WARNING] /n:/DACN/upnestedu/edu/src/main/java/com/upnest/edu/modules/social/entity/UserProfile.java:[89,21] @Builder will ignore the initializing expression entirely. If you want the initializing expression to serve as default, add @Builder.Default. If it is not supposed to be settable during building, make the field final.
[WARNING] /n:/DACN/upnestedu/edu/src/main/java/com/upnest/edu/modules/social/entity/UserProfile.java:[94,34] @Builder will ignore the initializing expression entirely. If you want the initializing expression to serve as default, add @Builder.Default. If it is not supposed to be settable during building, make the field final.
[WARNING] /n:/DACN/upnestedu/edu/src/main/java/com/upnest/edu/modules/social/entity/UserProfile.java:[98,30] @Builder will ignore the initializing expression entirely. If you want the initializing expression to serve as default, add @Builder.Default. If it is not supposed to be settable during building, make the field final.
[WARNING] /n:/DACN/upnestedu/edu/src/main/java/com/upnest/edu/modules/social/entity/UserProfile.java:[102,35] @Builder will ignore the initializing expression entirely. If you want the initializing expression to serve as default, add @Builder.Default. If it is not supposed to be settable during building, make the field final.
[WARNING] /n:/DACN/upnestedu/edu/src/main/java/com/upnest/edu/modules/chat/entity/ChatMember.java:[55,21] @Builder will ignore the initializing expression entirely. If you want the initializing expression to serve as default, add @Builder.Default. If it is not supposed to be settable during building, make the field final.
[WARNING] /n:/DACN/upnestedu/edu/src/main/java/com/upnest/edu/modules/chat/entity/ChatMember.java:[58,21] @Builder will ignore the initializing expression entirely. If you want the initializing expression to serve as default, add @Builder.Default. If it is not supposed to be settable during building, make the field final.
[WARNING] /n:/DACN/upnestedu/edu/src/main/java/com/upnest/edu/modules/chat/entity/ChatMember.java:[61,21] @Builder will ignore the initializing expression entirely. If you want the initializing expression to serve as default, add @Builder.Default. If it is not supposed to be settable during building, make the field final.
[WARNING] /n:/DACN/upnestedu/edu/src/main/java/com/upnest/edu/modules/chat/entity/ChatMember.java:[71,21] @Builder will ignore the initializing expression entirely. If you want the initializing expression to serve as default, add @Builder.Default. If it is not supposed to be settable during building, make the field final.
[WARNING] /n:/DACN/upnestedu/edu/src/main/java/com/upnest/edu/modules/social/entity/Post.java:[62,21] @Builder will ignore the initializing expression entirely. If you want the initializing expression to serve as default, add @Builder.Default. If it is not supposed to be settable during building, make the field final.
[WARNING] /n:/DACN/upnestedu/edu/src/main/java/com/upnest/edu/modules/social/entity/Post.java:[65,21] @Builder will ignore the initializing expression entirely. If you want the initializing expression to serve as default, add @Builder.Default. If it is not supposed to be settable during building, make the field final.
[WARNING] /n:/DACN/upnestedu/edu/src/main/java/com/upnest/edu/modules/social/entity/Post.java:[68,21] @Builder will ignore the initializing expression entirely. If you want the initializing expression to serve as default, add @Builder.Default. If it is not supposed to be settable during building, make the field final.
[WARNING] /n:/DACN/upnestedu/edu/src/main/java/com/upnest/edu/modules/social/entity/Post.java:[71,21] @Builder will ignore the initializing expression entirely. If you want the initializing expression to serve as default, add @Builder.Default. If it is not supposed to be settable during building, make the field final.
[WARNING] /n:/DACN/upnestedu/edu/src/main/java/com/upnest/edu/modules/social/entity/Post.java:[74,21] @Builder will ignore the initializing expression entirely. If you want the initializing expression to serve as default, add @Builder.Default. If it is not supposed to be settable during building, make the field final.
[WARNING] /n:/DACN/upnestedu/edu/src/main/java/com/upnest/edu/modules/social/entity/Post.java:[77,21] @Builder will ignore the initializing expression entirely. If you want the initializing expression to serve as default, add @Builder.Default. If it is not supposed to be settable during building, make the field final.
[WARNING] /n:/DACN/upnestedu/edu/src/main/java/com/upnest/edu/modules/social/entity/Post.java:[92,31] @Builder will ignore the initializing expression entirely. If you want the initializing expression to serve as default, add @Builder.Default. If it is not supposed to be settable during building, make the field final.
[WARNING] /n:/DACN/upnestedu/edu/src/main/java/com/upnest/edu/modules/social/entity/Post.java:[96,30] @Builder will ignore the initializing expression entirely. If you want the initializing expression to serve as default, add @Builder.Default. If it is not supposed to be settable during building, make the field final.
[WARNING] /n:/DACN/upnestedu/edu/src/main/java/com/upnest/edu/modules/social/entity/Post.java:[100,29] @Builder will ignore the initializing expression entirely. If you want the initializing expression to serve as default, add @Builder.Default. If it is not supposed to be settable during building, make the field final.
[WARNING] /n:/DACN/upnestedu/edu/src/main/java/com/upnest/edu/modules/social/entity/Post.java:[104,27] @Builder will ignore the initializing expression entirely. If you want the initializing expression to serve as default, add @Builder.Default. If it is not supposed to be settable during building, make the field final.
[WARNING] /n:/DACN/upnestedu/edu/src/main/java/com/upnest/edu/modules/social/entity/Post.java:[108,28] @Builder will ignore the initializing expression entirely. If you want the initializing expression to serve as default, add @Builder.Default. If it is not supposed to be settable during building, make the field final.
[INFO] /n:/DACN/upnestedu/edu/src/main/java/com/upnest/edu/config/SecurityConfig.java: n:\DACN\upnestedu\edu\src\main\java\com\upnest\edu\config\SecurityConfig.java uses or overrides a deprecated API.
[INFO] /n:/DACN/upnestedu/edu/src/main/java/com/upnest/edu/config/SecurityConfig.java: Recompile with -Xlint:deprecation for details.
[INFO] ------------------------------------------------------------------------
[INFO] BUILD SUCCESS
[INFO] ------------------------------------------------------------------------
[INFO] Total time:  11.379 s
[INFO] Finished at: 2025-12-21T20:20:01+07:00
[INFO] ------------------------------------------------------------------------
