[INFO] Scanning for projects...
[INFO] 
[INFO] ---------------------------< com.upnest:edu >---------------------------
[INFO] Building UpNest Edu System 0.0.1-SNAPSHOT
[INFO]   from pom.xml
[INFO] --------------------------------[ jar ]---------------------------------
[INFO] 
[INFO] --- resources:3.3.1:resources (default-resources) @ edu ---
[INFO] Copying 1 resource from src\main\resources to target\classes
[INFO] Copying 0 resource from src\main\resources to target\classes
[INFO] 
[INFO] --- compiler:3.13.0:compile (default-compile) @ edu ---
[INFO] Recompiling the module because of changed source code.
[INFO] Compiling 116 source files with javac [debug parameters release 21] to target\classes
[INFO] -------------------------------------------------------------
[WARNING] COMPILATION WARNING : 
[INFO] -------------------------------------------------------------
[WARNING] /n:/DACN/upnestedu/edu/src/main/java/com/upnest/edu/modules/qa/entity/Question.java:[74,28] @Builder will ignore the initializing expression entirely. If you want the initializing expression to serve as default, add @Builder.Default. If it is not supposed to be settable during building, make the field final.
[WARNING] /n:/DACN/upnestedu/edu/src/main/java/com/upnest/edu/modules/qa/entity/Question.java:[80,21] @Builder will ignore the initializing expression entirely. If you want the initializing expression to serve as default, add @Builder.Default. If it is not supposed to be settable during building, make the field final.
[WARNING] /n:/DACN/upnestedu/edu/src/main/java/com/upnest/edu/modules/qa/entity/Question.java:[86,21] @Builder will ignore the initializing expression entirely. If you want the initializing expression to serve as default, add @Builder.Default. If it is not supposed to be settable during building, make the field final.
[WARNING] /n:/DACN/upnestedu/edu/src/main/java/com/upnest/edu/modules/qa/entity/Question.java:[98,27] @Builder will ignore the initializing expression entirely. If you want the initializing expression to serve as default, add @Builder.Default. If it is not supposed to be settable during building, make the field final.
[WARNING] /n:/DACN/upnestedu/edu/src/main/java/com/upnest/edu/modules/qa/entity/Question.java:[104,27] @Builder will ignore the initializing expression entirely. If you want the initializing expression to serve as default, add @Builder.Default. If it is not supposed to be settable during building, make the field final.
[WARNING] /n:/DACN/upnestedu/edu/src/main/java/com/upnest/edu/modules/qa/entity/Question.java:[110,25] @Builder will ignore the initializing expression entirely. If you want the initializing expression to serve as default, add @Builder.Default. If it is not supposed to be settable during building, make the field final.
[WARNING] /n:/DACN/upnestedu/edu/src/main/java/com/upnest/edu/modules/qa/entity/Question.java:[116,34] @Builder will ignore the initializing expression entirely. If you want the initializing expression to serve as default, add @Builder.Default. If it is not supposed to be settable during building, make the field final.
[WARNING] /n:/DACN/upnestedu/edu/src/main/java/com/upnest/edu/modules/qa/entity/Question.java:[122,35] @Builder will ignore the initializing expression entirely. If you want the initializing expression to serve as default, add @Builder.Default. If it is not supposed to be settable during building, make the field final.
[WARNING] /n:/DACN/upnestedu/edu/src/main/java/com/upnest/edu/modules/user/entity/PrivacySettings.java:[41,26] @Builder will ignore the initializing expression entirely. If you want the initializing expression to serve as default, add @Builder.Default. If it is not supposed to be settable during building, make the field final.
[WARNING] /n:/DACN/upnestedu/edu/src/main/java/com/upnest/edu/modules/user/entity/PrivacySettings.java:[47,21] @Builder will ignore the initializing expression entirely. If you want the initializing expression to serve as default, add @Builder.Default. If it is not supposed to be settable during building, make the field final.
[WARNING] /n:/DACN/upnestedu/edu/src/main/java/com/upnest/edu/modules/user/entity/PrivacySettings.java:[53,21] @Builder will ignore the initializing expression entirely. If you want the initializing expression to serve as default, add @Builder.Default. If it is not supposed to be settable during building, make the field final.
[WARNING] /n:/DACN/upnestedu/edu/src/main/java/com/upnest/edu/modules/user/entity/PrivacySettings.java:[59,21] @Builder will ignore the initializing expression entirely. If you want the initializing expression to serve as default, add @Builder.Default. If it is not supposed to be settable during building, make the field final.
[WARNING] /n:/DACN/upnestedu/edu/src/main/java/com/upnest/edu/modules/user/entity/PrivacySettings.java:[66,26] @Builder will ignore the initializing expression entirely. If you want the initializing expression to serve as default, add @Builder.Default. If it is not supposed to be settable during building, make the field final.
[WARNING] /n:/DACN/upnestedu/edu/src/main/java/com/upnest/edu/modules/user/entity/PrivacySettings.java:[73,26] @Builder will ignore the initializing expression entirely. If you want the initializing expression to serve as default, add @Builder.Default. If it is not supposed to be settable during building, make the field final.
[WARNING] /n:/DACN/upnestedu/edu/src/main/java/com/upnest/edu/modules/user/entity/PrivacySettings.java:[79,21] @Builder will ignore the initializing expression entirely. If you want the initializing expression to serve as default, add @Builder.Default. If it is not supposed to be settable during building, make the field final.
[WARNING] /n:/DACN/upnestedu/edu/src/main/java/com/upnest/edu/modules/user/entity/PrivacySettings.java:[85,21] @Builder will ignore the initializing expression entirely. If you want the initializing expression to serve as default, add @Builder.Default. If it is not supposed to be settable during building, make the field final.
[WARNING] /n:/DACN/upnestedu/edu/src/main/java/com/upnest/edu/modules/user/entity/PrivacySettings.java:[91,21] @Builder will ignore the initializing expression entirely. If you want the initializing expression to serve as default, add @Builder.Default. If it is not supposed to be settable during building, make the field final.
[WARNING] /n:/DACN/upnestedu/edu/src/main/java/com/upnest/edu/modules/user/entity/PrivacySettings.java:[97,21] @Builder will ignore the initializing expression entirely. If you want the initializing expression to serve as default, add @Builder.Default. If it is not supposed to be settable during building, make the field final.
[WARNING] /n:/DACN/upnestedu/edu/src/main/java/com/upnest/edu/modules/user/entity/PrivacySettings.java:[104,26] @Builder will ignore the initializing expression entirely. If you want the initializing expression to serve as default, add @Builder.Default. If it is not supposed to be settable during building, make the field final.
[WARNING] /n:/DACN/upnestedu/edu/src/main/java/com/upnest/edu/modules/user/entity/PrivacySettings.java:[111,26] @Builder will ignore the initializing expression entirely. If you want the initializing expression to serve as default, add @Builder.Default. If it is not supposed to be settable during building, make the field final.
[WARNING] /n:/DACN/upnestedu/edu/src/main/java/com/upnest/edu/modules/user/entity/PrivacySettings.java:[117,27] @Builder will ignore the initializing expression entirely. If you want the initializing expression to serve as default, add @Builder.Default. If it is not supposed to be settable during building, make the field final.
[WARNING] /n:/DACN/upnestedu/edu/src/main/java/com/upnest/edu/modules/user/entity/PrivacySettings.java:[123,27] @Builder will ignore the initializing expression entirely. If you want the initializing expression to serve as default, add @Builder.Default. If it is not supposed to be settable during building, make the field final.
[WARNING] /n:/DACN/upnestedu/edu/src/main/java/com/upnest/edu/modules/qa/message/QaMessage.java:[87,27] @Builder will ignore the initializing expression entirely. If you want the initializing expression to serve as default, add @Builder.Default. If it is not supposed to be settable during building, make the field final.
[WARNING] /n:/DACN/upnestedu/edu/src/main/java/com/upnest/edu/modules/qa/entity/AnswerReaction.java:[61,27] @Builder will ignore the initializing expression entirely. If you want the initializing expression to serve as default, add @Builder.Default. If it is not supposed to be settable during building, make the field final.
[WARNING] /n:/DACN/upnestedu/edu/src/main/java/com/upnest/edu/modules/qa/entity/QuestionComment.java:[57,27] @Builder will ignore the initializing expression entirely. If you want the initializing expression to serve as default, add @Builder.Default. If it is not supposed to be settable during building, make the field final.
[WARNING] /n:/DACN/upnestedu/edu/src/main/java/com/upnest/edu/modules/qa/entity/QuestionComment.java:[63,27] @Builder will ignore the initializing expression entirely. If you want the initializing expression to serve as default, add @Builder.Default. If it is not supposed to be settable during building, make the field final.
[WARNING] /n:/DACN/upnestedu/edu/src/main/java/com/upnest/edu/modules/qa/entity/AnswerComment.java:[57,27] @Builder will ignore the initializing expression entirely. If you want the initializing expression to serve as default, add @Builder.Default. If it is not supposed to be settable during building, make the field final.
[WARNING] /n:/DACN/upnestedu/edu/src/main/java/com/upnest/edu/modules/qa/entity/AnswerComment.java:[63,27] @Builder will ignore the initializing expression entirely. If you want the initializing expression to serve as default, add @Builder.Default. If it is not supposed to be settable during building, make the field final.
[WARNING] /n:/DACN/upnestedu/edu/src/main/java/com/upnest/edu/modules/user/entity/User.java:[76,22] @Builder will ignore the initializing expression entirely. If you want the initializing expression to serve as default, add @Builder.Default. If it is not supposed to be settable during building, make the field final.
[WARNING] /n:/DACN/upnestedu/edu/src/main/java/com/upnest/edu/modules/user/entity/User.java:[83,24] @Builder will ignore the initializing expression entirely. If you want the initializing expression to serve as default, add @Builder.Default. If it is not supposed to be settable during building, make the field final.
[WARNING] /n:/DACN/upnestedu/edu/src/main/java/com/upnest/edu/modules/user/entity/User.java:[89,21] @Builder will ignore the initializing expression entirely. If you want the initializing expression to serve as default, add @Builder.Default. If it is not supposed to be settable during building, make the field final.
[WARNING] /n:/DACN/upnestedu/edu/src/main/java/com/upnest/edu/modules/user/entity/User.java:[95,27] @Builder will ignore the initializing expression entirely. If you want the initializing expression to serve as default, add @Builder.Default. If it is not supposed to be settable during building, make the field final.
[WARNING] /n:/DACN/upnestedu/edu/src/main/java/com/upnest/edu/modules/user/entity/User.java:[101,27] @Builder will ignore the initializing expression entirely. If you want the initializing expression to serve as default, add @Builder.Default. If it is not supposed to be settable during building, make the field final.
[WARNING] /n:/DACN/upnestedu/edu/src/main/java/com/upnest/edu/modules/user/payload/AuthResponse.java:[50,20] @Builder will ignore the initializing expression entirely. If you want the initializing expression to serve as default, add @Builder.Default. If it is not supposed to be settable during building, make the field final.
[WARNING] /n:/DACN/upnestedu/edu/src/main/java/com/upnest/edu/modules/qa/entity/Answer.java:[62,21] @Builder will ignore the initializing expression entirely. If you want the initializing expression to serve as default, add @Builder.Default. If it is not supposed to be settable during building, make the field final.
[WARNING] /n:/DACN/upnestedu/edu/src/main/java/com/upnest/edu/modules/qa/entity/Answer.java:[68,21] @Builder will ignore the initializing expression entirely. If you want the initializing expression to serve as default, add @Builder.Default. If it is not supposed to be settable during building, make the field final.
[WARNING] /n:/DACN/upnestedu/edu/src/main/java/com/upnest/edu/modules/qa/entity/Answer.java:[74,27] @Builder will ignore the initializing expression entirely. If you want the initializing expression to serve as default, add @Builder.Default. If it is not supposed to be settable during building, make the field final.
[WARNING] /n:/DACN/upnestedu/edu/src/main/java/com/upnest/edu/modules/qa/entity/Answer.java:[80,27] @Builder will ignore the initializing expression entirely. If you want the initializing expression to serve as default, add @Builder.Default. If it is not supposed to be settable during building, make the field final.
[WARNING] /n:/DACN/upnestedu/edu/src/main/java/com/upnest/edu/modules/qa/entity/Answer.java:[86,32] @Builder will ignore the initializing expression entirely. If you want the initializing expression to serve as default, add @Builder.Default. If it is not supposed to be settable during building, make the field final.
[WARNING] /n:/DACN/upnestedu/edu/src/main/java/com/upnest/edu/modules/qa/entity/Answer.java:[92,33] @Builder will ignore the initializing expression entirely. If you want the initializing expression to serve as default, add @Builder.Default. If it is not supposed to be settable during building, make the field final.
[WARNING] /n:/DACN/upnestedu/edu/src/main/java/com/upnest/edu/modules/user/entity/UserProfile.java:[119,27] @Builder will ignore the initializing expression entirely. If you want the initializing expression to serve as default, add @Builder.Default. If it is not supposed to be settable during building, make the field final.
[WARNING] /n:/DACN/upnestedu/edu/src/main/java/com/upnest/edu/modules/user/entity/UserProfile.java:[125,27] @Builder will ignore the initializing expression entirely. If you want the initializing expression to serve as default, add @Builder.Default. If it is not supposed to be settable during building, make the field final.
[WARNING] /n:/DACN/upnestedu/edu/src/main/java/com/upnest/edu/modules/qa/entity/QuestionReaction.java:[61,27] @Builder will ignore the initializing expression entirely. If you want the initializing expression to serve as default, add @Builder.Default. If it is not supposed to be settable during building, make the field final.
[INFO] 43 warnings 
[INFO] -------------------------------------------------------------
[INFO] -------------------------------------------------------------
[ERROR] COMPILATION ERROR : 
[INFO] -------------------------------------------------------------
[ERROR] /n:/DACN/upnestedu/edu/src/main/java/com/upnest/edu/modules/user/service/UserProfileService.java:[25,34] variable userRepository not initialized in the default constructor
[ERROR] /n:/DACN/upnestedu/edu/src/main/java/com/upnest/edu/modules/user/service/UserProfileService.java:[26,41] variable userProfileRepository not initialized in the default constructor
[ERROR] /n:/DACN/upnestedu/edu/src/main/java/com/upnest/edu/modules/user/service/AuthenticationService.java:[90,40] method generateToken in class com.upnest.edu.modules.user.service.JwtService cannot be applied to given types;
  required: java.lang.String,long
  found:    com.upnest.edu.modules.user.entity.User
  reason: actual and formal argument lists differ in length
[ERROR] /n:/DACN/upnestedu/edu/src/main/java/com/upnest/edu/modules/user/service/AuthenticationService.java:[126,40] method generateToken in class com.upnest.edu.modules.user.service.JwtService cannot be applied to given types;
  required: java.lang.String,long
  found:    com.upnest.edu.modules.user.entity.User
  reason: actual and formal argument lists differ in length
[INFO] 4 errors 
[INFO] -------------------------------------------------------------
[INFO] ------------------------------------------------------------------------
[INFO] BUILD FAILURE
[INFO] ------------------------------------------------------------------------
[INFO] Total time:  7.178 s
[INFO] Finished at: 2025-12-16T10:13:19+07:00
[INFO] ------------------------------------------------------------------------
[ERROR] Failed to execute goal org.apache.maven.plugins:maven-compiler-plugin:3.13.0:compile (default-compile) on project edu: Compilation failure: Compilation failure: 
[ERROR] /n:/DACN/upnestedu/edu/src/main/java/com/upnest/edu/modules/user/service/UserProfileService.java:[25,34] variable userRepository not initialized in the default constructor
[ERROR] /n:/DACN/upnestedu/edu/src/main/java/com/upnest/edu/modules/user/service/UserProfileService.java:[26,41] variable userProfileRepository not initialized in the default constructor
[ERROR] /n:/DACN/upnestedu/edu/src/main/java/com/upnest/edu/modules/user/service/AuthenticationService.java:[90,40] method generateToken in class com.upnest.edu.modules.user.service.JwtService cannot be applied to given types;
[ERROR]   required: java.lang.String,long
[ERROR]   found:    com.upnest.edu.modules.user.entity.User
[ERROR]   reason: actual and formal argument lists differ in length
[ERROR] /n:/DACN/upnestedu/edu/src/main/java/com/upnest/edu/modules/user/service/AuthenticationService.java:[126,40] method generateToken in class com.upnest.edu.modules.user.service.JwtService cannot be applied to given types;
[ERROR]   required: java.lang.String,long
[ERROR]   found:    com.upnest.edu.modules.user.entity.User
[ERROR]   reason: actual and formal argument lists differ in length
[ERROR] -> [Help 1]
[ERROR] 
[ERROR] To see the full stack trace of the errors, re-run Maven with the -e switch.
[ERROR] Re-run Maven using the -X switch to enable full debug logging.
[ERROR] 
[ERROR] For more information about the errors and possible solutions, please read the following articles:
[ERROR] [Help 1] http://cwiki.apache.org/confluence/display/MAVEN/MojoFailureException
